<?xml version="1.0" encoding="UTF-8"?>
<testsuites name="Odoo Login" time="9.134" tests="1" failures="0" errors="0">
   <testsuite name="Odoo Login" tests="1" failures="0" errors="0" time="9.134" skipped="0" timestamp="05-04-2024T08:20:35" hostname="AlfredoNatividad - PQA-0551LT" id="Test Suites/Odoo Login">
      <properties>
         <property name="deviceName" value=""/>
         <property name="devicePlatform" value=""/>
         <property name="logFolder" value="C:\\Users\\AlfredoNatividad\\git\\OdooInventoryKatalonV1\\Reports\\20240405_082020\\Odoo Login\\20240405_082020"/>
         <property name="logFiles" value="C:\\Users\\AlfredoNatividad\\git\\OdooInventoryKatalonV1\\Reports\\20240405_082020\\Odoo Login\\20240405_082020\\execution0.log"/>
         <property name="attachments" value=""/>
         <property name="hostName" value="AlfredoNatividad - PQA-0551LT"/>
         <property name="os" value="Windows 10 64bit"/>
         <property name="katalonVersion" value="9.4.0.212"/>
         <property name="browser" value="Chrome 123.0.0.0"/>
         <property name="hostAddress" value="192.168.56.1"/>
         <property name="sessionId" value="10c03ae3e67a2123adcd78a86fde11a9"/>
         <property name="seleniumVersion" value="3.141.59"/>
         <property name="proxyInformation" value="ProxyInformation { proxyOption=NO_PROXY, proxyServerType=HTTP, username=, password=********, proxyServerAddress=, proxyServerPort=0, executionList=&quot;&quot;, isApplyToDesiredCapabilities=true }"/>
         <property name="platform" value="Windows 10"/>
      </properties>
      <testcase name="Test Cases/Login to Odoo Inventory ERP System" time="8.854" classname="Test Cases/Login to Odoo Inventory ERP System" status="PASSED">
         <system-out><![CDATA[05-04-2024T08:20:36 - [TEST_CASE][PASSED] - Test Cases/Login to Odoo Inventory ERP System: Test Cases/Login to Odoo Inventory ERP System

05-04-2024T08:20:36 - [TEST_STEP][PASSED] - openBrowser(""): Browser is opened with url: ''

05-04-2024T08:20:36 - [MESSAGE][INFO] - Starting 'Chrome' driver

05-04-2024T08:20:37 - [MESSAGE][INFO] - Action delay is set to 0 milliseconds

05-04-2024T08:20:39 - [MESSAGE][PASSED] - Browser is opened with url: ''

05-04-2024T08:20:39 - [TEST_STEP][PASSED] - navigateToUrl("https://freelance25.odoo.com/web/login?redirect=%2Fodoo%3F"): Navigate to 'https://freelance25.odoo.com/web/login?redirect=%2Fodoo%3F' successfully

05-04-2024T08:20:40 - [MESSAGE][PASSED] - Navigate to 'https://freelance25.odoo.com/web/login?redirect=%2Fodoo%3F' successfully

05-04-2024T08:20:40 - [TEST_STEP][PASSED] - setText(findTestObject("Object Repository/Page_Odoo/input_Email_login"), "boybawang1900@gmail.com"): Text 'boybawang1900@gmail.com' is set on object 'Object Repository/Page_Odoo/input_Email_login'

05-04-2024T08:20:41 - [MESSAGE][PASSED] - Text 'boybawang1900@gmail.com' is set on object 'Object Repository/Page_Odoo/input_Email_login'

05-04-2024T08:20:41 - [TEST_STEP][PASSED] - setEncryptedText(findTestObject("Object Repository/Page_Odoo/input_Password_password"), "BWmL3ZBMbKX7ZHcpGR4b/Q=="): Text ****** has been set on object 'Object Repository/Page_Odoo/input_Password_password'

05-04-2024T08:20:42 - [MESSAGE][PASSED] - Text ****** has been set on object 'Object Repository/Page_Odoo/input_Password_password'

05-04-2024T08:20:42 - [TEST_STEP][PASSED] - click(findTestObject("Object Repository/Page_Odoo/button_Log in")): Object: 'Object Repository/Page_Odoo/button_Log in' is clicked on

05-04-2024T08:20:44 - [MESSAGE][PASSED] - Object: 'Object Repository/Page_Odoo/button_Log in' is clicked on

05-04-2024T08:20:44 - [TEST_STEP][PASSED] - closeBrowser(): Browser is closed

05-04-2024T08:20:45 - [MESSAGE][PASSED] - Browser is closed]]></system-out>
         <system-err><![CDATA[]]></system-err>
      </testcase>
      <system-out><![CDATA[05-04-2024T08:20:35 - [TEST_SUITE][PASSED] - Odoo Login: Test Cases/Login to Odoo Inventory ERP System]]></system-out>
      <system-err><![CDATA[]]></system-err>
   </testsuite>
</testsuites>
